{"/Users/black.fox/projects/frontend-project-46/src/index.js": {"path":"/Users/black.fox/projects/frontend-project-46/src/index.js","statementMap":{"0":{"start":{"line":5,"column":24},"end":{"line":31,"column":1}},"1":{"start":{"line":6,"column":16},"end":{"line":6,"column":33}},"2":{"start":{"line":7,"column":16},"end":{"line":7,"column":33}},"3":{"start":{"line":8,"column":15},"end":{"line":8,"column":43}},"4":{"start":{"line":10,"column":13},"end":{"line":27,"column":3}},"5":{"start":{"line":11,"column":21},"end":{"line":11,"column":31}},"6":{"start":{"line":12,"column":20},"end":{"line":12,"column":30}},"7":{"start":{"line":13,"column":22},"end":{"line":13,"column":32}},"8":{"start":{"line":15,"column":4},"end":{"line":24,"column":5}},"9":{"start":{"line":16,"column":6},"end":{"line":16,"column":46}},"10":{"start":{"line":17,"column":11},"end":{"line":24,"column":5}},"11":{"start":{"line":18,"column":6},"end":{"line":18,"column":45}},"12":{"start":{"line":19,"column":11},"end":{"line":24,"column":5}},"13":{"start":{"line":20,"column":6},"end":{"line":20,"column":46}},"14":{"start":{"line":21,"column":6},"end":{"line":21,"column":45}},"15":{"start":{"line":23,"column":6},"end":{"line":23,"column":47}},"16":{"start":{"line":26,"column":4},"end":{"line":26,"column":15}},"17":{"start":{"line":29,"column":17},"end":{"line":29,"column":47}},"18":{"start":{"line":30,"column":2},"end":{"line":30,"column":27}},"19":{"start":{"line":33,"column":16},"end":{"line":33,"column":67}},"20":{"start":{"line":33,"column":30},"end":{"line":33,"column":67}},"21":{"start":{"line":36,"column":16},"end":{"line":36,"column":30}},"22":{"start":{"line":37,"column":16},"end":{"line":37,"column":43}},"23":{"start":{"line":38,"column":15},"end":{"line":38,"column":32}},"24":{"start":{"line":40,"column":16},"end":{"line":40,"column":30}},"25":{"start":{"line":41,"column":16},"end":{"line":41,"column":43}},"26":{"start":{"line":42,"column":15},"end":{"line":42,"column":32}},"27":{"start":{"line":44,"column":2},"end":{"line":44,"column":37}}},"fnMap":{"0":{"name":"(anonymous_0)","decl":{"start":{"line":5,"column":24},"end":{"line":5,"column":25}},"loc":{"start":{"line":5,"column":40},"end":{"line":31,"column":1}},"line":5},"1":{"name":"(anonymous_1)","decl":{"start":{"line":10,"column":13},"end":{"line":10,"column":14}},"loc":{"start":{"line":10,"column":27},"end":{"line":27,"column":3}},"line":10},"2":{"name":"(anonymous_2)","decl":{"start":{"line":33,"column":16},"end":{"line":33,"column":17}},"loc":{"start":{"line":33,"column":30},"end":{"line":33,"column":67}},"line":33},"3":{"name":"(anonymous_3)","decl":{"start":{"line":35,"column":15},"end":{"line":35,"column":16}},"loc":{"start":{"line":35,"column":33},"end":{"line":45,"column":1}},"line":35}},"branchMap":{"0":{"loc":{"start":{"line":15,"column":4},"end":{"line":24,"column":5}},"type":"if","locations":[{"start":{"line":15,"column":4},"end":{"line":24,"column":5}},{"start":{"line":17,"column":11},"end":{"line":24,"column":5}}],"line":15},"1":{"loc":{"start":{"line":17,"column":11},"end":{"line":24,"column":5}},"type":"if","locations":[{"start":{"line":17,"column":11},"end":{"line":24,"column":5}},{"start":{"line":19,"column":11},"end":{"line":24,"column":5}}],"line":17},"2":{"loc":{"start":{"line":19,"column":11},"end":{"line":24,"column":5}},"type":"if","locations":[{"start":{"line":19,"column":11},"end":{"line":24,"column":5}},{"start":{"line":22,"column":11},"end":{"line":24,"column":5}}],"line":19}},"s":{"0":1,"1":1,"2":1,"3":1,"4":1,"5":5,"6":5,"7":5,"8":5,"9":2,"10":3,"11":1,"12":2,"13":1,"14":1,"15":1,"16":5,"17":1,"18":1,"19":1,"20":2,"21":1,"22":1,"23":1,"24":1,"25":1,"26":1,"27":1},"f":{"0":1,"1":5,"2":2,"3":1},"b":{"0":[2,3],"1":[1,2],"2":[1,1]},"_coverageSchema":"1a1c01bbd47fc00a2c39e90264f33305004495a9","hash":"c77489c1b2563b048e98a11d565317444b07c726"}
}
