TN:
SF:src/index.js
FN:5,(anonymous_0)
FN:10,(anonymous_1)
FN:33,(anonymous_2)
FN:35,(anonymous_3)
FNF:4
FNH:4
FNDA:1,(anonymous_0)
FNDA:5,(anonymous_1)
FNDA:2,(anonymous_2)
FNDA:1,(anonymous_3)
DA:5,1
DA:6,1
DA:7,1
DA:8,1
DA:10,1
DA:11,5
DA:12,5
DA:13,5
DA:15,5
DA:16,2
DA:17,3
DA:18,1
DA:19,2
DA:20,1
DA:21,1
DA:23,1
DA:26,5
DA:29,1
DA:30,1
DA:33,2
DA:36,1
DA:37,1
DA:38,1
DA:40,1
DA:41,1
DA:42,1
DA:44,1
LF:27
LH:27
BRDA:15,0,0,2
BRDA:15,0,1,3
BRDA:17,1,0,1
BRDA:17,1,1,2
BRDA:19,2,0,1
BRDA:19,2,1,1
BRF:6
BRH:6
end_of_record
